{"C:\\Users\\User\\Desktop\\SE@ MAIN FOLDER\\SE2 Testing\\src\\app.ts": {"path":"C:\\Users\\User\\Desktop\\SE@ MAIN FOLDER\\SE2 Testing\\src\\app.ts","statementMap":{"0":{"start":{"line":11,"column":22},"end":{"line":11,"column":43}},"1":{"start":{"line":11,"column":53},"end":{"line":11,"column":76}},"2":{"start":{"line":10,"column":10},"end":{"line":10,"column":31}},"3":{"start":{"line":14,"column":4},"end":{"line":14,"column":23}},"4":{"start":{"line":18,"column":4},"end":{"line":24,"column":5}},"5":{"start":{"line":19,"column":27},"end":{"line":19,"column":70}},"6":{"start":{"line":20,"column":6},"end":{"line":20,"column":37}},"7":{"start":{"line":21,"column":6},"end":{"line":21,"column":30}},"8":{"start":{"line":23,"column":6},"end":{"line":23,"column":80}},"9":{"start":{"line":28,"column":4},"end":{"line":28,"column":61}},"10":{"start":{"line":28,"column":44},"end":{"line":28,"column":59}},"11":{"start":{"line":32,"column":4},"end":{"line":32,"column":51}},"12":{"start":{"line":36,"column":4},"end":{"line":36,"column":61}},"13":{"start":{"line":9,"column":0},"end":{"line":9,"column":13}},"14":{"start":{"line":42,"column":4},"end":{"line":42,"column":54}},"15":{"start":{"line":43,"column":4},"end":{"line":43,"column":30}},"16":{"start":{"line":40,"column":0},"end":{"line":40,"column":13}},"17":{"start":{"line":52,"column":22},"end":{"line":52,"column":41}},"18":{"start":{"line":55,"column":4},"end":{"line":55,"column":55}},"19":{"start":{"line":55,"column":33},"end":{"line":55,"column":53}},"20":{"start":{"line":51,"column":0},"end":{"line":51,"column":13}},"21":{"start":{"line":71,"column":4},"end":{"line":77,"column":5}},"22":{"start":{"line":72,"column":6},"end":{"line":76,"column":8}},"23":{"start":{"line":59,"column":0},"end":{"line":59,"column":13}},"24":{"start":{"line":60,"column":17},"end":{"line":69,"column":4}},"25":{"start":{"line":83,"column":4},"end":{"line":85,"column":5}},"26":{"start":{"line":84,"column":6},"end":{"line":84,"column":57}},"27":{"start":{"line":81,"column":0},"end":{"line":81,"column":13}},"28":{"start":{"line":91,"column":4},"end":{"line":93,"column":5}},"29":{"start":{"line":92,"column":6},"end":{"line":92,"column":53}},"30":{"start":{"line":89,"column":0},"end":{"line":89,"column":13}},"31":{"start":{"line":104,"column":4},"end":{"line":104,"column":47}},"32":{"start":{"line":107,"column":4},"end":{"line":107,"column":67}},"33":{"start":{"line":107,"column":43},"end":{"line":107,"column":62}},"34":{"start":{"line":111,"column":4},"end":{"line":111,"column":77}},"35":{"start":{"line":102,"column":0},"end":{"line":102,"column":13}}},"fnMap":{"0":{"name":"(anonymous_0)","decl":{"start":{"line":11,"column":2},"end":{"line":11,"column":22}},"loc":{"start":{"line":11,"column":76},"end":{"line":11,"column":80}}},"1":{"name":"(anonymous_1)","decl":{"start":{"line":13,"column":2},"end":{"line":13,"column":11}},"loc":{"start":{"line":13,"column":11},"end":{"line":15,"column":3}}},"2":{"name":"(anonymous_2)","decl":{"start":{"line":17,"column":2},"end":{"line":17,"column":10}},"loc":{"start":{"line":17,"column":38},"end":{"line":25,"column":3}}},"3":{"name":"(anonymous_3)","decl":{"start":{"line":27,"column":2},"end":{"line":27,"column":10}},"loc":{"start":{"line":27,"column":21},"end":{"line":29,"column":3}}},"4":{"name":"(anonymous_4)","decl":{"start":{"line":28,"column":33},"end":{"line":28,"column":34}},"loc":{"start":{"line":28,"column":44},"end":{"line":28,"column":59}}},"5":{"name":"(anonymous_5)","decl":{"start":{"line":31,"column":2},"end":{"line":31,"column":17}},"loc":{"start":{"line":31,"column":17},"end":{"line":33,"column":3}}},"6":{"name":"(anonymous_6)","decl":{"start":{"line":35,"column":2},"end":{"line":35,"column":13}},"loc":{"start":{"line":35,"column":13},"end":{"line":37,"column":3}}},"7":{"name":"(anonymous_7)","decl":{"start":{"line":41,"column":2},"end":{"line":41,"column":10}},"loc":{"start":{"line":41,"column":21},"end":{"line":44,"column":3}}},"8":{"name":"(anonymous_8)","decl":{"start":{"line":52,"column":2},"end":{"line":52,"column":22}},"loc":{"start":{"line":52,"column":41},"end":{"line":52,"column":45}}},"9":{"name":"(anonymous_9)","decl":{"start":{"line":54,"column":2},"end":{"line":54,"column":10}},"loc":{"start":{"line":54,"column":23},"end":{"line":56,"column":3}}},"10":{"name":"(anonymous_10)","decl":{"start":{"line":55,"column":23},"end":{"line":55,"column":24}},"loc":{"start":{"line":55,"column":33},"end":{"line":55,"column":53}}},"11":{"name":"(anonymous_11)","decl":{"start":{"line":70,"column":2},"end":{"line":70,"column":10}},"loc":{"start":{"line":70,"column":23},"end":{"line":78,"column":3}}},"12":{"name":"(anonymous_12)","decl":{"start":{"line":82,"column":2},"end":{"line":82,"column":10}},"loc":{"start":{"line":82,"column":23},"end":{"line":86,"column":3}}},"13":{"name":"(anonymous_13)","decl":{"start":{"line":90,"column":2},"end":{"line":90,"column":10}},"loc":{"start":{"line":90,"column":23},"end":{"line":94,"column":3}}},"14":{"name":"(anonymous_14)","decl":{"start":{"line":103,"column":2},"end":{"line":103,"column":8}},"loc":{"start":{"line":103,"column":43},"end":{"line":105,"column":3}}},"15":{"name":"(anonymous_15)","decl":{"start":{"line":106,"column":9},"end":{"line":106,"column":19}},"loc":{"start":{"line":106,"column":35},"end":{"line":108,"column":3}}},"16":{"name":"(anonymous_16)","decl":{"start":{"line":107,"column":25},"end":{"line":107,"column":26}},"loc":{"start":{"line":107,"column":43},"end":{"line":107,"column":62}}},"17":{"name":"(anonymous_17)","decl":{"start":{"line":110,"column":9},"end":{"line":110,"column":27}},"loc":{"start":{"line":110,"column":43},"end":{"line":112,"column":3}}}},"branchMap":{"0":{"loc":{"start":{"line":71,"column":4},"end":{"line":77,"column":5}},"type":"if","locations":[{"start":{"line":71,"column":4},"end":{"line":77,"column":5}},{"start":{},"end":{}}]},"1":{"loc":{"start":{"line":83,"column":4},"end":{"line":85,"column":5}},"type":"if","locations":[{"start":{"line":83,"column":4},"end":{"line":85,"column":5}},{"start":{},"end":{}}]},"2":{"loc":{"start":{"line":91,"column":4},"end":{"line":93,"column":5}},"type":"if","locations":[{"start":{"line":91,"column":4},"end":{"line":93,"column":5}},{"start":{},"end":{}}]},"3":{"loc":{"start":{"line":111,"column":11},"end":{"line":111,"column":76}},"type":"cond-expr","locations":[{"start":{"line":111,"column":33},"end":{"line":111,"column":34}},{"start":{"line":111,"column":37},"end":{"line":111,"column":76}}]}},"s":{"0":6,"1":6,"2":6,"3":3,"4":4,"5":4,"6":4,"7":3,"8":1,"9":2,"10":2,"11":1,"12":0,"13":1,"14":0,"15":0,"16":1,"17":3,"18":2,"19":0,"20":1,"21":0,"22":0,"23":1,"24":1,"25":0,"26":0,"27":1,"28":0,"29":0,"30":1,"31":0,"32":2,"33":4,"34":0,"35":1},"f":{"0":6,"1":3,"2":4,"3":2,"4":2,"5":1,"6":0,"7":0,"8":3,"9":2,"10":0,"11":0,"12":0,"13":0,"14":0,"15":2,"16":4,"17":0},"b":{"0":[0,0],"1":[0,0],"2":[0,0],"3":[0,0]}}
}
