{"C:\\Users\\User\\Desktop\\SE2\\src\\util\\parser.ts": {"path":"C:\\Users\\User\\Desktop\\SE2\\src\\util\\parser.ts","statementMap":{"0":{"start":{"line":6,"column":0},"end":{"line":6,"column":22}},"1":{"start":{"line":24,"column":0},"end":{"line":24,"column":22}},"2":{"start":{"line":1,"column":0},"end":{"line":1,"column":36}},"3":{"start":{"line":2,"column":0},"end":{"line":2,"column":46}},"4":{"start":{"line":3,"column":0},"end":{"line":3,"column":58}},"5":{"start":{"line":6,"column":34},"end":{"line":22,"column":null}},"6":{"start":{"line":7,"column":2},"end":{"line":21,"column":3}},"7":{"start":{"line":8,"column":24},"end":{"line":8,"column":60}},"8":{"start":{"line":9,"column":4},"end":{"line":18,"column":7}},"9":{"start":{"line":10,"column":6},"end":{"line":17,"column":9}},"10":{"start":{"line":14,"column":8},"end":{"line":14,"column":30}},"11":{"start":{"line":14,"column":17},"end":{"line":14,"column":30}},"12":{"start":{"line":15,"column":8},"end":{"line":15,"column":44}},"13":{"start":{"line":15,"column":28},"end":{"line":15,"column":44}},"14":{"start":{"line":16,"column":8},"end":{"line":16,"column":25}},"15":{"start":{"line":20,"column":4},"end":{"line":20,"column":56}},"16":{"start":{"line":25,"column":2},"end":{"line":35,"column":3}},"17":{"start":{"line":26,"column":23},"end":{"line":31,"column":6}},"18":{"start":{"line":27,"column":6},"end":{"line":30,"column":9}},"19":{"start":{"line":28,"column":8},"end":{"line":28,"column":30}},"20":{"start":{"line":28,"column":17},"end":{"line":28,"column":30}},"21":{"start":{"line":29,"column":8},"end":{"line":29,"column":24}},"22":{"start":{"line":32,"column":4},"end":{"line":32,"column":54}},"23":{"start":{"line":34,"column":4},"end":{"line":34,"column":56}}},"fnMap":{"0":{"name":"readCSVFile","decl":{"start":{"line":6,"column":22},"end":{"line":6,"column":33}},"loc":{"start":{"line":6,"column":33},"end":{"line":22,"column":null}}},"1":{"name":"(anonymous_8)","decl":{"start":{"line":6,"column":34},"end":{"line":6,"column":50}},"loc":{"start":{"line":6,"column":82},"end":{"line":22,"column":1}}},"2":{"name":"(anonymous_9)","decl":{"start":{"line":9,"column":24},"end":{"line":9,"column":25}},"loc":{"start":{"line":9,"column":44},"end":{"line":18,"column":5}}},"3":{"name":"(anonymous_10)","decl":{"start":{"line":13,"column":9},"end":{"line":13,"column":10}},"loc":{"start":{"line":13,"column":38},"end":{"line":17,"column":7}}},"4":{"name":"writeCSVFile","decl":{"start":{"line":24,"column":22},"end":{"line":24,"column":34}},"loc":{"start":{"line":24,"column":69},"end":{"line":36,"column":null}}},"5":{"name":"(anonymous_13)","decl":{"start":{"line":26,"column":49},"end":{"line":26,"column":50}},"loc":{"start":{"line":26,"column":69},"end":{"line":31,"column":5}}},"6":{"name":"(anonymous_14)","decl":{"start":{"line":27,"column":25},"end":{"line":27,"column":26}},"loc":{"start":{"line":27,"column":41},"end":{"line":30,"column":7}}}},"branchMap":{"0":{"loc":{"start":{"line":6,"column":52},"end":{"line":6,"column":82}},"type":"default-arg","locations":[{"start":{"line":6,"column":77},"end":{"line":6,"column":82}}]},"1":{"loc":{"start":{"line":14,"column":8},"end":{"line":14,"column":30}},"type":"if","locations":[{"start":{"line":14,"column":8},"end":{"line":14,"column":30}},{"start":{},"end":{}}]},"2":{"loc":{"start":{"line":15,"column":8},"end":{"line":15,"column":44}},"type":"if","locations":[{"start":{"line":15,"column":8},"end":{"line":15,"column":44}},{"start":{},"end":{}}]},"3":{"loc":{"start":{"line":28,"column":8},"end":{"line":28,"column":30}},"type":"if","locations":[{"start":{"line":28,"column":8},"end":{"line":28,"column":30}},{"start":{},"end":{}}]}},"s":{"0":1,"1":1,"2":1,"3":1,"4":1,"5":4,"6":4,"7":4,"8":3,"9":3,"10":3,"11":0,"12":3,"13":2,"14":3,"15":1,"16":2,"17":2,"18":2,"19":1,"20":0,"21":1,"22":1,"23":1},"f":{"0":4,"1":4,"2":3,"3":3,"4":2,"5":2,"6":1},"b":{"0":[3],"1":[0,3],"2":[2,1],"3":[0,1]}}
}
