TN:
SF:src\util\parser.ts
FN:6,readCSVFile
FN:6,(anonymous_8)
FN:9,(anonymous_9)
FN:13,(anonymous_10)
FN:24,writeCSVFile
FN:26,(anonymous_13)
FN:27,(anonymous_14)
FNF:7
FNH:7
FNDA:4,readCSVFile
FNDA:4,(anonymous_8)
FNDA:3,(anonymous_9)
FNDA:3,(anonymous_10)
FNDA:2,writeCSVFile
FNDA:2,(anonymous_13)
FNDA:1,(anonymous_14)
DA:1,1
DA:2,1
DA:3,1
DA:6,4
DA:7,4
DA:8,4
DA:9,3
DA:10,3
DA:14,3
DA:15,3
DA:16,3
DA:20,1
DA:24,1
DA:25,2
DA:26,2
DA:27,2
DA:28,1
DA:29,1
DA:32,1
DA:34,1
LF:20
LH:20
BRDA:6,0,0,3
BRDA:14,1,0,0
BRDA:14,1,1,3
BRDA:15,2,0,2
BRDA:15,2,1,1
BRDA:28,3,0,0
BRDA:28,3,1,1
BRF:7
BRH:5
end_of_record
