TN:
SF:src\app.ts
FN:11,(anonymous_0)
FN:13,(anonymous_1)
FN:17,(anonymous_2)
FN:27,(anonymous_3)
FN:28,(anonymous_4)
FN:31,(anonymous_5)
FN:35,(anonymous_6)
FN:41,(anonymous_7)
FN:52,(anonymous_8)
FN:54,(anonymous_9)
FN:55,(anonymous_10)
FN:70,(anonymous_11)
FN:82,(anonymous_12)
FN:90,(anonymous_13)
FN:103,(anonymous_14)
FN:106,(anonymous_15)
FN:107,(anonymous_16)
FN:110,(anonymous_17)
FNF:18
FNH:10
FNDA:6,(anonymous_0)
FNDA:3,(anonymous_1)
FNDA:4,(anonymous_2)
FNDA:2,(anonymous_3)
FNDA:2,(anonymous_4)
FNDA:1,(anonymous_5)
FNDA:0,(anonymous_6)
FNDA:0,(anonymous_7)
FNDA:3,(anonymous_8)
FNDA:2,(anonymous_9)
FNDA:0,(anonymous_10)
FNDA:0,(anonymous_11)
FNDA:0,(anonymous_12)
FNDA:0,(anonymous_13)
FNDA:0,(anonymous_14)
FNDA:2,(anonymous_15)
FNDA:4,(anonymous_16)
FNDA:0,(anonymous_17)
DA:9,1
DA:10,6
DA:11,6
DA:14,3
DA:18,4
DA:19,4
DA:20,4
DA:21,3
DA:23,1
DA:28,2
DA:32,1
DA:36,0
DA:40,1
DA:42,0
DA:43,0
DA:51,1
DA:52,3
DA:55,2
DA:59,1
DA:60,1
DA:71,0
DA:72,0
DA:81,1
DA:83,0
DA:84,0
DA:89,1
DA:91,0
DA:92,0
DA:102,1
DA:104,0
DA:107,4
DA:111,0
LF:32
LH:21
BRDA:71,0,0,0
BRDA:71,0,1,0
BRDA:83,1,0,0
BRDA:83,1,1,0
BRDA:91,2,0,0
BRDA:91,2,1,0
BRDA:111,3,0,0
BRDA:111,3,1,0
BRF:8
BRH:0
end_of_record
